{"C:\\Users\\pc\\Desktop\\code\\FEWorkJS\\frontend\\src\\utils\\uniquerArray.js": {"path":"C:\\Users\\pc\\Desktop\\code\\FEWorkJS\\frontend\\src\\utils\\uniquerArray.js","statementMap":{"0":{"start":{"line":2,"column":2},"end":{"line":2,"column":35}}},"fnMap":{"0":{"name":"uniqueArray","decl":{"start":{"line":1,"column":24},"end":{"line":1,"column":35}},"loc":{"start":{"line":1,"column":42},"end":{"line":3,"column":1}},"line":1}},"branchMap":{},"s":{"0":2},"f":{"0":2},"b":{},"_coverageSchema":"43e27e138ebf9cfc5966b082cf9a028302ed4184","hash":"fe26bb4b59032ff3da348db795ea79effc3cd298"}
,"C:\\Users\\pc\\Desktop\\code\\FEWorkJS\\frontend\\src\\utils\\validator.js": {"path":"C:\\Users\\pc\\Desktop\\code\\FEWorkJS\\frontend\\src\\utils\\validator.js","statementMap":{"0":{"start":{"line":3,"column":0},"end":{"line":18,"column":4}},"1":{"start":{"line":4,"column":2},"end":{"line":8,"column":3}},"2":{"start":{"line":5,"column":4},"end":{"line":5,"column":31}},"3":{"start":{"line":7,"column":4},"end":{"line":7,"column":31}},"4":{"start":{"line":11,"column":20},"end":{"line":15,"column":3}},"5":{"start":{"line":13,"column":6},"end":{"line":13,"column":34}},"6":{"start":{"line":17,"column":2},"end":{"line":17,"column":18}}},"fnMap":{"0":{"name":"(anonymous_0)","decl":{"start":{"line":3,"column":1},"end":{"line":3,"column":2}},"loc":{"start":{"line":3,"column":26},"end":{"line":9,"column":1}},"line":3},"1":{"name":"(anonymous_1)","decl":{"start":{"line":9,"column":8},"end":{"line":9,"column":9}},"loc":{"start":{"line":9,"column":20},"end":{"line":18,"column":1}},"line":9},"2":{"name":"(anonymous_2)","decl":{"start":{"line":12,"column":4},"end":{"line":12,"column":5}},"loc":{"start":{"line":12,"column":16},"end":{"line":14,"column":5}},"line":12}},"branchMap":{"0":{"loc":{"start":{"line":4,"column":2},"end":{"line":8,"column":3}},"type":"if","locations":[{"start":{"line":4,"column":2},"end":{"line":8,"column":3}},{"start":{"line":4,"column":2},"end":{"line":8,"column":3}}],"line":4}},"s":{"0":1,"1":1,"2":1,"3":0,"4":1,"5":3,"6":1},"f":{"0":1,"1":1,"2":3},"b":{"0":[1,0]},"_coverageSchema":"43e27e138ebf9cfc5966b082cf9a028302ed4184","hash":"0c267a01a15cd63c8f75cb8d01760f61dd238aa9"}
}
